# JRE version: Java(TM) SE Runtime Environment (8.0_202-b08) (build 1.8.0_202-b08)
# Java VM: Java HotSpot(TM) 64-Bit Server VM (25.202-b08 mixed mode windows-amd64 compressed oops)
Heap:
 PSYoungGen      total 966144K, used 566179K [0x0000000715580000, 0x0000000754280000, 0x00000007c0000000)
  eden space 927232K, 61% used [0x0000000715580000,0x0000000737e68ea0,0x000000074df00000)
  from space 38912K, 0% used [0x000000074df00000,0x000000074df00000,0x0000000750500000)
  to   space 15872K, 0% used [0x0000000750500000,0x0000000750500000,0x0000000751480000)
 ParOldGen       total 147968K, used 76813K [0x00000005c0000000, 0x00000005c9080000, 0x0000000715580000)
  object space 147968K, 51% used [0x00000005c0000000,0x00000005c4b03508,0x00000005c9080000)
 Metaspace       used 118359K, capacity 123386K, committed 123544K, reserved 1157120K
  class space    used 15548K, capacity 16493K, committed 16536K, reserved 1048576K
GC Heap History (10 events):
Event: 135.266 GC heap before
{Heap before GC invocations=33 (full 2):
 PSYoungGen      total 856576K, used 452985K [0x0000000715580000, 0x000000074ad00000, 0x00000007c0000000)
  eden space 844288K, 52% used [0x0000000715580000,0x00000007303e0060,0x0000000748e00000)
  from space 12288K, 99% used [0x0000000749e80000,0x000000074aa7e520,0x000000074aa80000)
  to   space 15872K, 0% used [0x0000000748e00000,0x0000000748e00000,0x0000000749d80000)
 ParOldGen       total 101888K, used 71972K [0x00000005c0000000, 0x00000005c6380000, 0x0000000715580000)
  object space 101888K, 70% used [0x00000005c0000000,0x00000005c46491d0,0x00000005c6380000)
 Metaspace       used 55295K, capacity 58974K, committed 59160K, reserved 1099776K
  class space    used 7672K, capacity 8392K, committed 8472K, reserved 1048576K
Event: 135.311 GC heap after
Heap after GC invocations=33 (full 2):
 PSYoungGen      total 860160K, used 3248K [0x0000000715580000, 0x0000000751480000, 0x00000007c0000000)
  eden space 844288K, 0% used [0x0000000715580000,0x0000000715580000,0x0000000748e00000)
  from space 15872K, 20% used [0x0000000748e00000,0x000000074912c218,0x0000000749d80000)
  to   space 15872K, 0% used [0x0000000750500000,0x0000000750500000,0x0000000751480000)
 ParOldGen       total 101888K, used 75612K [0x00000005c0000000, 0x00000005c6380000, 0x0000000715580000)
  object space 101888K, 74% used [0x00000005c0000000,0x00000005c49d71d0,0x00000005c6380000)
 Metaspace       used 55295K, capacity 58974K, committed 59160K, reserved 1099776K
  class space    used 7672K, capacity 8392K, committed 8472K, reserved 1048576K
}
Event: 135.311 GC heap before
{Heap before GC invocations=34 (full 3):
 PSYoungGen      total 860160K, used 3248K [0x0000000715580000, 0x0000000751480000, 0x00000007c0000000)
  eden space 844288K, 0% used [0x0000000715580000,0x0000000715580000,0x0000000748e00000)
  from space 15872K, 20% used [0x0000000748e00000,0x000000074912c218,0x0000000749d80000)
  to   space 15872K, 0% used [0x0000000750500000,0x0000000750500000,0x0000000751480000)
 ParOldGen       total 101888K, used 75612K [0x00000005c0000000, 0x00000005c6380000, 0x0000000715580000)
  object space 101888K, 74% used [0x00000005c0000000,0x00000005c49d71d0,0x00000005c6380000)
 Metaspace       used 55295K, capacity 58974K, committed 59160K, reserved 1099776K
  class space    used 7672K, capacity 8392K, committed 8472K, reserved 1048576K
Event: 136.015 GC heap after
Heap after GC invocations=34 (full 3):
 PSYoungGen      total 860160K, used 0K [0x0000000715580000, 0x0000000751480000, 0x00000007c0000000)
  eden space 844288K, 0% used [0x0000000715580000,0x0000000715580000,0x0000000748e00000)
  from space 15872K, 0% used [0x0000000748e00000,0x0000000748e00000,0x0000000749d80000)
  to   space 15872K, 0% used [0x0000000750500000,0x0000000750500000,0x0000000751480000)
 ParOldGen       total 147968K, used 34881K [0x00000005c0000000, 0x00000005c9080000, 0x0000000715580000)
  object space 147968K, 23% used [0x00000005c0000000,0x00000005c22105e0,0x00000005c9080000)
 Metaspace       used 55192K, capacity 58696K, committed 59160K, reserved 1099776K
  class space    used 7639K, capacity 8298K, committed 8472K, reserved 1048576K
}
Event: 163.613 GC heap before
{Heap before GC invocations=35 (full 3):
 PSYoungGen      total 860160K, used 844288K [0x0000000715580000, 0x0000000751480000, 0x00000007c0000000)
  eden space 844288K, 100% used [0x0000000715580000,0x0000000748e00000,0x0000000748e00000)
  from space 15872K, 0% used [0x0000000748e00000,0x0000000748e00000,0x0000000749d80000)
  to   space 15872K, 0% used [0x0000000750500000,0x0000000750500000,0x0000000751480000)
 ParOldGen       total 147968K, used 34881K [0x00000005c0000000, 0x00000005c9080000, 0x0000000715580000)
  object space 147968K, 23% used [0x00000005c0000000,0x00000005c22105e0,0x00000005c9080000)
 Metaspace       used 90000K, capacity 94014K, committed 94616K, reserved 1130496K
  class space    used 12112K, capacity 12877K, committed 12952K, reserved 1048576K
Event: 163.750 GC heap after
Heap after GC invocations=35 (full 3):
 PSYoungGen      total 943104K, used 15859K [0x0000000715580000, 0x0000000754280000, 0x00000007c0000000)
  eden space 927232K, 0% used [0x0000000715580000,0x0000000715580000,0x000000074df00000)
  from space 15872K, 99% used [0x0000000750500000,0x000000075147cc60,0x0000000751480000)
  to   space 38912K, 0% used [0x000000074df00000,0x000000074df00000,0x0000000750500000)
 ParOldGen       total 147968K, used 91075K [0x00000005c0000000, 0x00000005c9080000, 0x0000000715580000)
  object space 147968K, 61% used [0x00000005c0000000,0x00000005c58f0c88,0x00000005c9080000)
 Metaspace       used 90000K, capacity 94014K, committed 94616K, reserved 1130496K
  class space    used 12112K, capacity 12877K, committed 12952K, reserved 1048576K
}
Event: 168.280 GC heap before
{Heap before GC invocations=36 (full 3):
 PSYoungGen      total 943104K, used 106053K [0x0000000715580000, 0x0000000754280000, 0x00000007c0000000)
  eden space 927232K, 9% used [0x0000000715580000,0x000000071ad94960,0x000000074df00000)
  from space 15872K, 99% used [0x0000000750500000,0x000000075147cc60,0x0000000751480000)
  to   space 38912K, 0% used [0x000000074df00000,0x000000074df00000,0x0000000750500000)
 ParOldGen       total 147968K, used 91075K [0x00000005c0000000, 0x00000005c9080000, 0x0000000715580000)
  object space 147968K, 61% used [0x00000005c0000000,0x00000005c58f0c88,0x00000005c9080000)
 Metaspace       used 94097K, capacity 98098K, committed 98600K, reserved 1134592K
  class space    used 12570K, capacity 13337K, committed 13464K, reserved 1048576K
Event: 168.446 GC heap after
Heap after GC invocations=36 (full 3):
 PSYoungGen      total 966144K, used 22692K [0x0000000715580000, 0x0000000754280000, 0x00000007c0000000)
  eden space 927232K, 0% used [0x0000000715580000,0x0000000715580000,0x000000074df00000)
  from space 38912K, 58% used [0x000000074df00000,0x000000074f5290c0,0x0000000750500000)
  to   space 15872K, 0% used [0x0000000750500000,0x0000000750500000,0x0000000751480000)
 ParOldGen       total 147968K, used 91083K [0x00000005c0000000, 0x00000005c9080000, 0x0000000715580000)
  object space 147968K, 61% used [0x00000005c0000000,0x00000005c58f2c88,0x00000005c9080000)
 Metaspace       used 94097K, capacity 98098K, committed 98600K, reserved 1134592K
  class space    used 12570K, capacity 13337K, committed 13464K, reserved 1048576K
}
Event: 168.448 GC heap before
{Heap before GC invocations=37 (full 4):
 PSYoungGen      total 966144K, used 22692K [0x0000000715580000, 0x0000000754280000, 0x00000007c0000000)
  eden space 927232K, 0% used [0x0000000715580000,0x0000000715580000,0x000000074df00000)
  from space 38912K, 58% used [0x000000074df00000,0x000000074f5290c0,0x0000000750500000)
  to   space 15872K, 0% used [0x0000000750500000,0x0000000750500000,0x0000000751480000)
 ParOldGen       total 147968K, used 91083K [0x00000005c0000000, 0x00000005c9080000, 0x0000000715580000)
  object space 147968K, 61% used [0x00000005c0000000,0x00000005c58f2c88,0x00000005c9080000)
 Metaspace       used 94097K, capacity 98098K, committed 98600K, reserved 1134592K
  class space    used 12570K, capacity 13337K, committed 13464K, reserved 1048576K
Event: 168.999 GC heap after
Heap after GC invocations=37 (full 4):
 PSYoungGen      total 966144K, used 0K [0x0000000715580000, 0x0000000754280000, 0x00000007c0000000)
  eden space 927232K, 0% used [0x0000000715580000,0x0000000715580000,0x000000074df00000)
  from space 38912K, 0% used [0x000000074df00000,0x000000074df00000,0x0000000750500000)
  to   space 15872K, 0% used [0x0000000750500000,0x0000000750500000,0x0000000751480000)
 ParOldGen       total 147968K, used 76813K [0x00000005c0000000, 0x00000005c9080000, 0x0000000715580000)
  object space 147968K, 51% used [0x00000005c0000000,0x00000005c4b03508,0x00000005c9080000)
 Metaspace       used 94097K, capacity 98098K, committed 98600K, reserved 1134592K
  class space    used 12570K, capacity 13337K, committed 13464K, reserved 1048576K
}

