# JRE version: OpenJDK Runtime Environment (17.0.11) (build 17.0.11+0--11852314)
# Java VM: OpenJDK 64-Bit Server VM (17.0.11+0--11852314, mixed mode, tiered, compressed oops, compressed class ptrs, g1 gc, windows-amd64)
GC Precious Log:
 CPUs: 8 total, 8 available
 Memory: 10182M
 Large Page Support: Disabled
 NUMA Support: Disabled
 Compressed Oops: Enabled (Zero based)
 Heap Region Size: 4M
 Heap Min Capacity: 8M
 Heap Initial Capacity: 160M
 Heap Max Capacity: 8G
 Pre-touch: Disabled
 Parallel Workers: 8
 Concurrent Workers: 2
 Concurrent Refinement Workers: 8
 Periodic GC: Disabled
Heap:
 garbage-first heap   total 393216K, used 277183K [0x0000000600000000, 0x0000000800000000)
  region size 4096K, 9 young (36864K), 3 survivors (12288K)
 Metaspace       used 126701K, committed 127936K, reserved 1179648K
  class space    used 17230K, committed 17792K, reserved 1048576K
GC Heap History (20 events):
Event: 110.576 GC heap before
{Heap before GC invocations=77 (full 0):
 garbage-first heap   total 286720K, used 239610K [0x0000000600000000, 0x0000000800000000)
  region size 4096K, 16 young (65536K), 1 survivors (4096K)
 Metaspace       used 112671K, committed 113664K, reserved 1179648K
  class space    used 15546K, committed 16064K, reserved 1048576K
}
Event: 110.585 GC heap after
{Heap after GC invocations=78 (full 0):
 garbage-first heap   total 286720K, used 181600K [0x0000000600000000, 0x0000000800000000)
  region size 4096K, 2 young (8192K), 2 survivors (8192K)
 Metaspace       used 112671K, committed 113664K, reserved 1179648K
  class space    used 15546K, committed 16064K, reserved 1048576K
}
Event: 111.143 GC heap before
{Heap before GC invocations=78 (full 0):
 garbage-first heap   total 286720K, used 234848K [0x0000000600000000, 0x0000000800000000)
  region size 4096K, 16 young (65536K), 2 survivors (8192K)
 Metaspace       used 112671K, committed 113664K, reserved 1179648K
  class space    used 15546K, committed 16064K, reserved 1048576K
}
Event: 111.152 GC heap after
{Heap after GC invocations=79 (full 0):
 garbage-first heap   total 286720K, used 182684K [0x0000000600000000, 0x0000000800000000)
  region size 4096K, 1 young (4096K), 1 survivors (4096K)
 Metaspace       used 112671K, committed 113664K, reserved 1179648K
  class space    used 15546K, committed 16064K, reserved 1048576K
}
Event: 113.499 GC heap before
{Heap before GC invocations=79 (full 0):
 garbage-first heap   total 286720K, used 235932K [0x0000000600000000, 0x0000000800000000)
  region size 4096K, 15 young (61440K), 1 survivors (4096K)
 Metaspace       used 113229K, committed 114304K, reserved 1179648K
  class space    used 15610K, committed 16128K, reserved 1048576K
}
Event: 113.512 GC heap after
{Heap after GC invocations=80 (full 0):
 garbage-first heap   total 393216K, used 190033K [0x0000000600000000, 0x0000000800000000)
  region size 4096K, 2 young (8192K), 2 survivors (8192K)
 Metaspace       used 113229K, committed 114304K, reserved 1179648K
  class space    used 15610K, committed 16128K, reserved 1048576K
}
Event: 122.348 GC heap before
{Heap before GC invocations=80 (full 0):
 garbage-first heap   total 393216K, used 317009K [0x0000000600000000, 0x0000000800000000)
  region size 4096K, 34 young (139264K), 2 survivors (8192K)
 Metaspace       used 113585K, committed 114688K, reserved 1179648K
  class space    used 15642K, committed 16128K, reserved 1048576K
}
Event: 122.365 GC heap after
{Heap after GC invocations=81 (full 0):
 garbage-first heap   total 393216K, used 197827K [0x0000000600000000, 0x0000000800000000)
  region size 4096K, 4 young (16384K), 4 survivors (16384K)
 Metaspace       used 113585K, committed 114688K, reserved 1179648K
  class space    used 15642K, committed 16128K, reserved 1048576K
}
Event: 125.678 GC heap before
{Heap before GC invocations=81 (full 0):
 garbage-first heap   total 393216K, used 308419K [0x0000000600000000, 0x0000000800000000)
  region size 4096K, 32 young (131072K), 4 survivors (16384K)
 Metaspace       used 113690K, committed 114816K, reserved 1179648K
  class space    used 15658K, committed 16192K, reserved 1048576K
}
Event: 125.699 GC heap after
{Heap after GC invocations=82 (full 0):
 garbage-first heap   total 393216K, used 208833K [0x0000000600000000, 0x0000000800000000)
  region size 4096K, 4 young (16384K), 4 survivors (16384K)
 Metaspace       used 113690K, committed 114816K, reserved 1179648K
  class space    used 15658K, committed 16192K, reserved 1048576K
}
Event: 135.535 GC heap before
{Heap before GC invocations=82 (full 0):
 garbage-first heap   total 393216K, used 315329K [0x0000000600000000, 0x0000000800000000)
  region size 4096K, 30 young (122880K), 4 survivors (16384K)
 Metaspace       used 116099K, committed 117248K, reserved 1179648K
  class space    used 16000K, committed 16512K, reserved 1048576K
}
Event: 135.555 GC heap after
{Heap after GC invocations=83 (full 0):
 garbage-first heap   total 393216K, used 221724K [0x0000000600000000, 0x0000000800000000)
  region size 4096K, 4 young (16384K), 4 survivors (16384K)
 Metaspace       used 116099K, committed 117248K, reserved 1179648K
  class space    used 16000K, committed 16512K, reserved 1048576K
}
Event: 150.971 GC heap before
{Heap before GC invocations=83 (full 0):
 garbage-first heap   total 393216K, used 315932K [0x0000000600000000, 0x0000000800000000)
  region size 4096K, 27 young (110592K), 4 survivors (16384K)
 Metaspace       used 121957K, committed 123136K, reserved 1179648K
  class space    used 16792K, committed 17344K, reserved 1048576K
}
Event: 150.999 GC heap after
{Heap after GC invocations=84 (full 0):
 garbage-first heap   total 393216K, used 235322K [0x0000000600000000, 0x0000000800000000)
  region size 4096K, 4 young (16384K), 4 survivors (16384K)
 Metaspace       used 121957K, committed 123136K, reserved 1179648K
  class space    used 16792K, committed 17344K, reserved 1048576K
}
Event: 156.348 GC heap before
{Heap before GC invocations=84 (full 0):
 garbage-first heap   total 393216K, used 309050K [0x0000000600000000, 0x0000000800000000)
  region size 4096K, 23 young (94208K), 4 survivors (16384K)
 Metaspace       used 124330K, committed 125632K, reserved 1179648K
  class space    used 17023K, committed 17600K, reserved 1048576K
}
Event: 156.375 GC heap after
{Heap after GC invocations=85 (full 0):
 garbage-first heap   total 393216K, used 250155K [0x0000000600000000, 0x0000000800000000)
  region size 4096K, 3 young (12288K), 3 survivors (12288K)
 Metaspace       used 124330K, committed 125632K, reserved 1179648K
  class space    used 17023K, committed 17600K, reserved 1048576K
}
Event: 164.005 GC heap before
{Heap before GC invocations=85 (full 0):
 garbage-first heap   total 393216K, used 311595K [0x0000000600000000, 0x0000000800000000)
  region size 4096K, 19 young (77824K), 3 survivors (12288K)
 Metaspace       used 125737K, committed 126976K, reserved 1179648K
  class space    used 17098K, committed 17664K, reserved 1048576K
}
Event: 164.022 GC heap after
{Heap after GC invocations=86 (full 0):
 garbage-first heap   total 393216K, used 256473K [0x0000000600000000, 0x0000000800000000)
  region size 4096K, 2 young (8192K), 2 survivors (8192K)
 Metaspace       used 125737K, committed 126976K, reserved 1179648K
  class space    used 17098K, committed 17664K, reserved 1048576K
}
Event: 241.882 GC heap before
{Heap before GC invocations=86 (full 0):
 garbage-first heap   total 393216K, used 313817K [0x0000000600000000, 0x0000000800000000)
  region size 4096K, 17 young (69632K), 2 survivors (8192K)
 Metaspace       used 126674K, committed 127936K, reserved 1179648K
  class space    used 17228K, committed 17792K, reserved 1048576K
}
Event: 241.897 GC heap after
{Heap after GC invocations=87 (full 0):
 garbage-first heap   total 393216K, used 260799K [0x0000000600000000, 0x0000000800000000)
  region size 4096K, 3 young (12288K), 3 survivors (12288K)
 Metaspace       used 126674K, committed 127936K, reserved 1179648K
  class space    used 17228K, committed 17792K, reserved 1048576K
}

